# JRE version: Java(TM) SE Runtime Environment (8.0_121-b13) (build 1.8.0_121-b13)
# Java VM: Java HotSpot(TM) 64-Bit Server VM (25.121-b13 mixed mode windows-amd64 compressed oops)
Heap:
 PSYoungGen      total 184832K, used 106410K [0x00000000daf00000, 0x00000000e9100000, 0x0000000100000000)
  eden space 160256K, 51% used [0x00000000daf00000,0x00000000dfeec0b8,0x00000000e4b80000)
  from space 24576K, 99% used [0x00000000e6a00000,0x00000000e81fe790,0x00000000e8200000)
  to   space 31232K, 0% used [0x00000000e4b80000,0x00000000e4b80000,0x00000000e6a00000)
 ParOldGen       total 118784K, used 41379K [0x0000000090c00000, 0x0000000098000000, 0x00000000daf00000)
  object space 118784K, 34% used [0x0000000090c00000,0x0000000093468e28,0x0000000098000000)
 Metaspace       used 45603K, capacity 46764K, committed 47104K, reserved 1091584K
  class space    used 5479K, capacity 5867K, committed 5888K, reserved 1048576K
GC Heap History (10 events):
Event: 16.897 GC heap before
{Heap before GC invocations=8 (full 1):
 PSYoungGen      total 114176K, used 114160K [0x00000000daf00000, 0x00000000e6300000, 0x0000000100000000)
  eden space 96768K, 100% used [0x00000000daf00000,0x00000000e0d80000,0x00000000e0d80000)
  from space 17408K, 99% used [0x00000000e2380000,0x00000000e347c3a0,0x00000000e3480000)
  to   space 22528K, 0% used [0x00000000e0d80000,0x00000000e0d80000,0x00000000e2380000)
 ParOldGen       total 78848K, used 39142K [0x0000000090c00000, 0x0000000095900000, 0x00000000daf00000)
  object space 78848K, 49% used [0x0000000090c00000,0x0000000093239b20,0x0000000095900000)
 Metaspace       used 33841K, capacity 34642K, committed 34816K, reserved 1079296K
  class space    used 4055K, capacity 4306K, committed 4352K, reserved 1048576K
Event: 16.938 GC heap after
Heap after GC invocations=8 (full 1):
 PSYoungGen      total 119296K, used 14041K [0x00000000daf00000, 0x00000000e5a00000, 0x0000000100000000)
  eden space 96768K, 0% used [0x00000000daf00000,0x00000000daf00000,0x00000000e0d80000)
  from space 22528K, 62% used [0x00000000e0d80000,0x00000000e1b365d0,0x00000000e2380000)
  to   space 21504K, 0% used [0x00000000e4500000,0x00000000e4500000,0x00000000e5a00000)
 ParOldGen       total 78848K, used 39150K [0x0000000090c00000, 0x0000000095900000, 0x00000000daf00000)
  object space 78848K, 49% used [0x0000000090c00000,0x000000009323bb20,0x0000000095900000)
 Metaspace       used 33841K, capacity 34642K, committed 34816K, reserved 1079296K
  class space    used 4055K, capacity 4306K, committed 4352K, reserved 1048576K
}
Event: 17.264 GC heap before
{Heap before GC invocations=9 (full 1):
 PSYoungGen      total 119296K, used 28028K [0x00000000daf00000, 0x00000000e5a00000, 0x0000000100000000)
  eden space 96768K, 14% used [0x00000000daf00000,0x00000000dbca8d30,0x00000000e0d80000)
  from space 22528K, 62% used [0x00000000e0d80000,0x00000000e1b365d0,0x00000000e2380000)
  to   space 21504K, 0% used [0x00000000e4500000,0x00000000e4500000,0x00000000e5a00000)
 ParOldGen       total 78848K, used 39150K [0x0000000090c00000, 0x0000000095900000, 0x00000000daf00000)
  object space 78848K, 49% used [0x0000000090c00000,0x000000009323bb20,0x0000000095900000)
 Metaspace       used 34398K, capacity 35244K, committed 35456K, reserved 1081344K
  class space    used 4114K, capacity 4416K, committed 4480K, reserved 1048576K
Event: 17.283 GC heap after
Heap after GC invocations=9 (full 1):
 PSYoungGen      total 153600K, used 7808K [0x00000000daf00000, 0x00000000e5e80000, 0x0000000100000000)
  eden space 132096K, 0% used [0x00000000daf00000,0x00000000daf00000,0x00000000e3000000)
  from space 21504K, 36% used [0x00000000e4500000,0x00000000e4ca0060,0x00000000e5a00000)
  to   space 21504K, 0% used [0x00000000e3000000,0x00000000e3000000,0x00000000e4500000)
 ParOldGen       total 78848K, used 39158K [0x0000000090c00000, 0x0000000095900000, 0x00000000daf00000)
  object space 78848K, 49% used [0x0000000090c00000,0x000000009323db20,0x0000000095900000)
 Metaspace       used 34398K, capacity 35244K, committed 35456K, reserved 1081344K
  class space    used 4114K, capacity 4416K, committed 4480K, reserved 1048576K
}
Event: 17.283 GC heap before
{Heap before GC invocations=10 (full 2):
 PSYoungGen      total 153600K, used 7808K [0x00000000daf00000, 0x00000000e5e80000, 0x0000000100000000)
  eden space 132096K, 0% used [0x00000000daf00000,0x00000000daf00000,0x00000000e3000000)
  from space 21504K, 36% used [0x00000000e4500000,0x00000000e4ca0060,0x00000000e5a00000)
  to   space 21504K, 0% used [0x00000000e3000000,0x00000000e3000000,0x00000000e4500000)
 ParOldGen       total 78848K, used 39158K [0x0000000090c00000, 0x0000000095900000, 0x00000000daf00000)
  object space 78848K, 49% used [0x0000000090c00000,0x000000009323db20,0x0000000095900000)
 Metaspace       used 34398K, capacity 35244K, committed 35456K, reserved 1081344K
  class space    used 4114K, capacity 4416K, committed 4480K, reserved 1048576K
Event: 17.507 GC heap after
Heap after GC invocations=10 (full 2):
 PSYoungGen      total 153600K, used 0K [0x00000000daf00000, 0x00000000e5e80000, 0x0000000100000000)
  eden space 132096K, 0% used [0x00000000daf00000,0x00000000daf00000,0x00000000e3000000)
  from space 21504K, 0% used [0x00000000e4500000,0x00000000e4500000,0x00000000e5a00000)
  to   space 21504K, 0% used [0x00000000e3000000,0x00000000e3000000,0x00000000e4500000)
 ParOldGen       total 118784K, used 31240K [0x0000000090c00000, 0x0000000098000000, 0x00000000daf00000)
  object space 118784K, 26% used [0x0000000090c00000,0x0000000092a82040,0x0000000098000000)
 Metaspace       used 34398K, capacity 35244K, committed 35456K, reserved 1081344K
  class space    used 4114K, capacity 4416K, committed 4480K, reserved 1048576K
}
Event: 1100.601 GC heap before
{Heap before GC invocations=11 (full 2):
 PSYoungGen      total 153600K, used 132096K [0x00000000daf00000, 0x00000000e5e80000, 0x0000000100000000)
  eden space 132096K, 100% used [0x00000000daf00000,0x00000000e3000000,0x00000000e3000000)
  from space 21504K, 0% used [0x00000000e4500000,0x00000000e4500000,0x00000000e5a00000)
  to   space 21504K, 0% used [0x00000000e3000000,0x00000000e3000000,0x00000000e4500000)
 ParOldGen       total 118784K, used 31240K [0x0000000090c00000, 0x0000000098000000, 0x00000000daf00000)
  object space 118784K, 26% used [0x0000000090c00000,0x0000000092a82040,0x0000000098000000)
 Metaspace       used 43009K, capacity 44128K, committed 44416K, reserved 1087488K
  class space    used 5129K, capacity 5494K, committed 5504K, reserved 1048576K
Event: 1100.633 GC heap after
Heap after GC invocations=11 (full 2):
 PSYoungGen      total 153600K, used 21484K [0x00000000daf00000, 0x00000000e8200000, 0x0000000100000000)
  eden space 132096K, 0% used [0x00000000daf00000,0x00000000daf00000,0x00000000e3000000)
  from space 21504K, 99% used [0x00000000e3000000,0x00000000e44fb198,0x00000000e4500000)
  to   space 24576K, 0% used [0x00000000e6a00000,0x00000000e6a00000,0x00000000e8200000)
 ParOldGen       total 118784K, used 31517K [0x0000000090c00000, 0x0000000098000000, 0x00000000daf00000)
  object space 118784K, 26% used [0x0000000090c00000,0x0000000092ac7640,0x0000000098000000)
 Metaspace       used 43009K, capacity 44128K, committed 44416K, reserved 1087488K
  class space    used 5129K, capacity 5494K, committed 5504K, reserved 1048576K
}
Event: 1101.675 GC heap before
{Heap before GC invocations=12 (full 2):
 PSYoungGen      total 153600K, used 153580K [0x00000000daf00000, 0x00000000e8200000, 0x0000000100000000)
  eden space 132096K, 100% used [0x00000000daf00000,0x00000000e3000000,0x00000000e3000000)
  from space 21504K, 99% used [0x00000000e3000000,0x00000000e44fb198,0x00000000e4500000)
  to   space 24576K, 0% used [0x00000000e6a00000,0x00000000e6a00000,0x00000000e8200000)
 ParOldGen       total 118784K, used 31517K [0x0000000090c00000, 0x0000000098000000, 0x00000000daf00000)
  object space 118784K, 26% used [0x0000000090c00000,0x0000000092ac7640,0x0000000098000000)
 Metaspace       used 43021K, capacity 44138K, committed 44416K, reserved 1087488K
  class space    used 5131K, capacity 5496K, committed 5504K, reserved 1048576K
Event: 1101.717 GC heap after
Heap after GC invocations=12 (full 2):
 PSYoungGen      total 184832K, used 24569K [0x00000000daf00000, 0x00000000e9100000, 0x0000000100000000)
  eden space 160256K, 0% used [0x00000000daf00000,0x00000000daf00000,0x00000000e4b80000)
  from space 24576K, 99% used [0x00000000e6a00000,0x00000000e81fe790,0x00000000e8200000)
  to   space 31232K, 0% used [0x00000000e4b80000,0x00000000e4b80000,0x00000000e6a00000)
 ParOldGen       total 118784K, used 41379K [0x0000000090c00000, 0x0000000098000000, 0x00000000daf00000)
  object space 118784K, 34% used [0x0000000090c00000,0x0000000093468e28,0x0000000098000000)
 Metaspace       used 43021K, capacity 44138K, committed 44416K, reserved 1087488K
  class space    used 5131K, capacity 5496K, committed 5504K, reserved 1048576K
}

